2020-03-03 18:50:44.229  INFO 35620 --- [main] com.destiny.lodservice.ApplicationTests  : Starting ApplicationTests on DESKTOP-3KD0DF8 with PID 35620 (started by lee in D:\MyProject\Legend of destiny\program\lod-service\all)
2020-03-03 18:50:44.229  INFO 35620 --- [main] com.destiny.lodservice.ApplicationTests  : The following profiles are active: dev
2020-03-03 18:50:45.166  INFO 35620 --- [main] trationDelegate$BeanPostProcessorChecker : Bean 'org.springframework.transaction.annotation.ProxyTransactionManagementConfiguration' of type [org.springframework.transaction.annotation.ProxyTransactionManagementConfiguration] is not eligible for getting processed by all BeanPostProcessors (for example: not eligible for auto-proxying)
2020-03-03 18:50:45.307  INFO 35620 --- [main] c.a.d.s.b.a.DruidDataSourceAutoConfigure : Init DruidDataSource
2020-03-03 18:50:45.510  INFO 35620 --- [main] com.alibaba.druid.pool.DruidDataSource   : {dataSource-1} inited
2020-03-03 18:50:46.088  INFO 35620 --- [main] pertySourcedRequestMappingHandlerMapping : Mapped URL path [/v2/api-docs] onto method [springfox.documentation.swagger2.web.Swagger2Controller#getDocumentation(String, HttpServletRequest)]
2020-03-03 18:50:46.353  INFO 35620 --- [main] o.s.s.concurrent.ThreadPoolTaskExecutor  : Initializing ExecutorService 'applicationTaskExecutor'
2020-03-03 18:50:46.588  INFO 35620 --- [main] d.s.w.p.DocumentationPluginsBootstrapper : Context refreshed
2020-03-03 18:50:46.619  INFO 35620 --- [main] d.s.w.p.DocumentationPluginsBootstrapper : Found 1 custom documentation plugin(s)
2020-03-03 18:50:46.635  INFO 35620 --- [main] s.d.s.w.s.ApiListingReferenceScanner     : Scanning for api listing references
2020-03-03 18:50:46.713  INFO 35620 --- [main] com.destiny.lodservice.ApplicationTests  : Started ApplicationTests in 2.764 seconds (JVM running for 3.508)
2020-03-03 18:50:46.931  INFO 35620 --- [SpringContextShutdownHook] o.s.s.concurrent.ThreadPoolTaskExecutor  : Shutting down ExecutorService 'applicationTaskExecutor'
2020-03-03 18:50:46.947  INFO 35620 --- [SpringContextShutdownHook] com.alibaba.druid.pool.DruidDataSource   : {dataSource-1} closed
2020-03-03 19:13:47.109  INFO 476 --- [main] com.destiny.lodservice.ApplicationTests  : Starting ApplicationTests on DESKTOP-3KD0DF8 with PID 476 (started by lee in D:\MyProject\Legend of destiny\program\lod-service\all)
2020-03-03 19:13:47.109  INFO 476 --- [main] com.destiny.lodservice.ApplicationTests  : The following profiles are active: dev
2020-03-03 19:13:47.984  INFO 476 --- [main] trationDelegate$BeanPostProcessorChecker : Bean 'org.springframework.transaction.annotation.ProxyTransactionManagementConfiguration' of type [org.springframework.transaction.annotation.ProxyTransactionManagementConfiguration] is not eligible for getting processed by all BeanPostProcessors (for example: not eligible for auto-proxying)
2020-03-03 19:13:48.109  INFO 476 --- [main] c.a.d.s.b.a.DruidDataSourceAutoConfigure : Init DruidDataSource
2020-03-03 19:13:48.343  INFO 476 --- [main] com.alibaba.druid.pool.DruidDataSource   : {dataSource-1} inited
2020-03-03 19:13:48.843  INFO 476 --- [main] pertySourcedRequestMappingHandlerMapping : Mapped URL path [/v2/api-docs] onto method [springfox.documentation.swagger2.web.Swagger2Controller#getDocumentation(String, HttpServletRequest)]
2020-03-03 19:13:49.078  INFO 476 --- [main] o.s.s.concurrent.ThreadPoolTaskExecutor  : Initializing ExecutorService 'applicationTaskExecutor'
2020-03-03 19:13:49.343  INFO 476 --- [main] d.s.w.p.DocumentationPluginsBootstrapper : Context refreshed
2020-03-03 19:13:49.374  INFO 476 --- [main] d.s.w.p.DocumentationPluginsBootstrapper : Found 1 custom documentation plugin(s)
2020-03-03 19:13:49.421  INFO 476 --- [main] s.d.s.w.s.ApiListingReferenceScanner     : Scanning for api listing references
2020-03-03 19:13:49.499  INFO 476 --- [main] com.destiny.lodservice.ApplicationTests  : Started ApplicationTests in 2.701 seconds (JVM running for 3.317)
2020-03-03 19:13:49.656  INFO 476 --- [SpringContextShutdownHook] o.s.s.concurrent.ThreadPoolTaskExecutor  : Shutting down ExecutorService 'applicationTaskExecutor'
2020-03-03 19:13:49.656  INFO 476 --- [SpringContextShutdownHook] com.alibaba.druid.pool.DruidDataSource   : {dataSource-1} closed
2020-03-03 19:22:38.125  INFO 23456 --- [main] com.destiny.lodservice.ApplicationTests  : Starting ApplicationTests on DESKTOP-3KD0DF8 with PID 23456 (started by lee in D:\MyProject\Legend of destiny\program\lod-service\all)
2020-03-03 19:22:38.125  INFO 23456 --- [main] com.destiny.lodservice.ApplicationTests  : The following profiles are active: dev
2020-03-03 19:22:38.984  INFO 23456 --- [main] trationDelegate$BeanPostProcessorChecker : Bean 'org.springframework.transaction.annotation.ProxyTransactionManagementConfiguration' of type [org.springframework.transaction.annotation.ProxyTransactionManagementConfiguration] is not eligible for getting processed by all BeanPostProcessors (for example: not eligible for auto-proxying)
2020-03-03 19:22:39.140  INFO 23456 --- [main] c.a.d.s.b.a.DruidDataSourceAutoConfigure : Init DruidDataSource
2020-03-03 19:22:39.343  INFO 23456 --- [main] com.alibaba.druid.pool.DruidDataSource   : {dataSource-1} inited
2020-03-03 19:22:39.843  INFO 23456 --- [main] pertySourcedRequestMappingHandlerMapping : Mapped URL path [/v2/api-docs] onto method [springfox.documentation.swagger2.web.Swagger2Controller#getDocumentation(String, HttpServletRequest)]
2020-03-03 19:22:40.078  INFO 23456 --- [main] o.s.s.concurrent.ThreadPoolTaskExecutor  : Initializing ExecutorService 'applicationTaskExecutor'
2020-03-03 19:22:40.327  INFO 23456 --- [main] d.s.w.p.DocumentationPluginsBootstrapper : Context refreshed
2020-03-03 19:22:40.359  INFO 23456 --- [main] d.s.w.p.DocumentationPluginsBootstrapper : Found 1 custom documentation plugin(s)
2020-03-03 19:22:40.406  INFO 23456 --- [main] s.d.s.w.s.ApiListingReferenceScanner     : Scanning for api listing references
2020-03-03 19:22:40.468  INFO 23456 --- [main] com.destiny.lodservice.ApplicationTests  : Started ApplicationTests in 2.677 seconds (JVM running for 3.302)
2020-03-03 19:22:40.624  INFO 23456 --- [SpringContextShutdownHook] o.s.s.concurrent.ThreadPoolTaskExecutor  : Shutting down ExecutorService 'applicationTaskExecutor'
2020-03-03 19:22:40.624  INFO 23456 --- [SpringContextShutdownHook] com.alibaba.druid.pool.DruidDataSource   : {dataSource-1} closed
2020-03-03 19:26:36.563  INFO 32972 --- [main] com.destiny.lodservice.ApplicationTests  : Starting ApplicationTests on DESKTOP-3KD0DF8 with PID 32972 (started by lee in D:\MyProject\Legend of destiny\program\lod-service\all)
2020-03-03 19:26:36.564  INFO 32972 --- [main] com.destiny.lodservice.ApplicationTests  : The following profiles are active: dev
2020-03-03 19:26:37.495  INFO 32972 --- [main] trationDelegate$BeanPostProcessorChecker : Bean 'org.springframework.transaction.annotation.ProxyTransactionManagementConfiguration' of type [org.springframework.transaction.annotation.ProxyTransactionManagementConfiguration] is not eligible for getting processed by all BeanPostProcessors (for example: not eligible for auto-proxying)
2020-03-03 19:26:37.639  INFO 32972 --- [main] c.a.d.s.b.a.DruidDataSourceAutoConfigure : Init DruidDataSource
2020-03-03 19:26:37.830  INFO 32972 --- [main] com.alibaba.druid.pool.DruidDataSource   : {dataSource-1} inited
2020-03-03 19:26:38.376  INFO 32972 --- [main] pertySourcedRequestMappingHandlerMapping : Mapped URL path [/v2/api-docs] onto method [springfox.documentation.swagger2.web.Swagger2Controller#getDocumentation(String, HttpServletRequest)]
2020-03-03 19:26:38.694  INFO 32972 --- [main] o.s.s.concurrent.ThreadPoolTaskExecutor  : Initializing ExecutorService 'applicationTaskExecutor'
2020-03-03 19:26:38.993  INFO 32972 --- [main] d.s.w.p.DocumentationPluginsBootstrapper : Context refreshed
2020-03-03 19:26:39.011  INFO 32972 --- [main] d.s.w.p.DocumentationPluginsBootstrapper : Found 1 custom documentation plugin(s)
2020-03-03 19:26:39.037  INFO 32972 --- [main] s.d.s.w.s.ApiListingReferenceScanner     : Scanning for api listing references
2020-03-03 19:26:39.115  INFO 32972 --- [main] com.destiny.lodservice.ApplicationTests  : Started ApplicationTests in 2.808 seconds (JVM running for 3.487)
2020-03-03 19:26:39.275  INFO 32972 --- [SpringContextShutdownHook] o.s.s.concurrent.ThreadPoolTaskExecutor  : Shutting down ExecutorService 'applicationTaskExecutor'
2020-03-03 19:26:39.277  INFO 32972 --- [SpringContextShutdownHook] com.alibaba.druid.pool.DruidDataSource   : {dataSource-1} closing ...
2020-03-03 19:26:39.277  INFO 32972 --- [SpringContextShutdownHook] com.alibaba.druid.pool.DruidDataSource   : {dataSource-1} closed
