2020-01-20 21:33:08.276  INFO 19828 --- [main] com.destiny.lodservice.Application       : Starting Application on DESKTOP-3KD0DF8 with PID 19828 (started by lee in D:\MyProject\Legend of destiny\program\lod-service)
2020-01-20 21:33:08.301  INFO 19828 --- [main] com.destiny.lodservice.Application       : The following profiles are active: dev
2020-01-20 21:33:09.305  INFO 19828 --- [main] trationDelegate$BeanPostProcessorChecker : Bean 'org.springframework.transaction.annotation.ProxyTransactionManagementConfiguration' of type [org.springframework.transaction.annotation.ProxyTransactionManagementConfiguration] is not eligible for getting processed by all BeanPostProcessors (for example: not eligible for auto-proxying)
2020-01-20 21:33:09.482  WARN 19828 --- [main] io.undertow.websockets.jsr               : UT026010: Buffer pool was not set on WebSocketDeploymentInfo, the default pool will be used
2020-01-20 21:33:09.508  INFO 19828 --- [main] io.undertow.servlet                      : Initializing Spring embedded WebApplicationContext
2020-01-20 21:33:09.509  INFO 19828 --- [main] o.s.web.context.ContextLoader            : Root WebApplicationContext: initialization completed in 1152 ms
2020-01-20 21:33:09.658  INFO 19828 --- [main] c.a.d.s.b.a.DruidDataSourceAutoConfigure : Init DruidDataSource
2020-01-20 21:33:09.828  INFO 19828 --- [main] com.alibaba.druid.pool.DruidDataSource   : {dataSource-1} inited
2020-01-20 21:33:10.234  INFO 19828 --- [main] pertySourcedRequestMappingHandlerMapping : Mapped URL path [/v2/api-docs] onto method [springfox.documentation.swagger2.web.Swagger2Controller#getDocumentation(String, HttpServletRequest)]
2020-01-20 21:33:10.318  INFO 19828 --- [main] o.s.s.concurrent.ThreadPoolTaskExecutor  : Initializing ExecutorService 'applicationTaskExecutor'
2020-01-20 21:33:10.479  INFO 19828 --- [main] d.s.w.p.DocumentationPluginsBootstrapper : Context refreshed
2020-01-20 21:33:10.494  INFO 19828 --- [main] d.s.w.p.DocumentationPluginsBootstrapper : Found 1 custom documentation plugin(s)
2020-01-20 21:33:10.555  INFO 19828 --- [main] s.d.s.w.s.ApiListingReferenceScanner     : Scanning for api listing references
2020-01-20 21:33:10.647  INFO 19828 --- [main] io.undertow                              : starting server: Undertow - 2.0.28.Final
2020-01-20 21:33:10.653  INFO 19828 --- [main] org.xnio                                 : XNIO version 3.3.8.Final
2020-01-20 21:33:10.660  INFO 19828 --- [main] org.xnio.nio                             : XNIO NIO Implementation Version 3.3.8.Final
2020-01-20 21:33:10.711  INFO 19828 --- [main] o.s.b.w.e.u.UndertowServletWebServer     : Undertow started on port(s) 8080 (http) with context path '/lod-service'
2020-01-20 21:33:10.714  INFO 19828 --- [main] com.destiny.lodservice.Application       : Started Application in 2.982 seconds (JVM running for 4.066)
2020-01-20 21:35:42.542  INFO 19828 --- [XNIO-1 task-1] io.undertow.servlet                      : Initializing Spring DispatcherServlet 'dispatcherServlet'
2020-01-20 21:35:42.542  INFO 19828 --- [XNIO-1 task-1] o.s.web.servlet.DispatcherServlet        : Initializing Servlet 'dispatcherServlet'
2020-01-20 21:35:42.548  INFO 19828 --- [XNIO-1 task-1] o.s.web.servlet.DispatcherServlet        : Completed initialization in 6 ms
